Build started 14/08/2013 10:51:06.
     1>Project "c:\Users\e1120894\documents\visual studio 2010\Projects\prog2_lab1\prog2_lab1\prog2_lab1.vcxproj" on node 2 (build target(s)).
     1>InitializeBuildStatus:
         Creating "Debug\prog2_lab1.unsuccessfulbuild" because "AlwaysCreate" was specified.
       ClCompile:
         c:\Program Files (x86)\Microsoft Visual Studio 10.0\VC\bin\CL.exe /c /ZI /nologo /W3 /WX- /Od /Oy- /D WIN32 /D _DEBUG /D _CONSOLE /D _UNICODE /D UNICODE /Gm /EHsc /RTC1 /MDd /GS /fp:precise /Zc:wchar_t /Zc:forScope /Fo"Debug\\" /Fd"Debug\vc100.pdb" /Gd /TC /analyze- /errorReport:prompt main.c
         main.c
     1>c:\users\e1120894\documents\visual studio 2010\projects\prog2_lab1\prog2_lab1\main.c(11): warning C4996: 'scanf': This function or variable may be unsafe. Consider using scanf_s instead. To disable deprecation, use _CRT_SECURE_NO_WARNINGS. See online help for details.
                 c:\program files (x86)\microsoft visual studio 10.0\vc\include\stdio.h(304) : see declaration of 'scanf'
     1>c:\users\e1120894\documents\visual studio 2010\projects\prog2_lab1\prog2_lab1\main.c(31): warning C4996: 'scanf': This function or variable may be unsafe. Consider using scanf_s instead. To disable deprecation, use _CRT_SECURE_NO_WARNINGS. See online help for details.
                 c:\program files (x86)\microsoft visual studio 10.0\vc\include\stdio.h(304) : see declaration of 'scanf'
     1>c:\users\e1120894\documents\visual studio 2010\projects\prog2_lab1\prog2_lab1\main.c(52): warning C4996: 'scanf': This function or variable may be unsafe. Consider using scanf_s instead. To disable deprecation, use _CRT_SECURE_NO_WARNINGS. See online help for details.
                 c:\program files (x86)\microsoft visual studio 10.0\vc\include\stdio.h(304) : see declaration of 'scanf'
     1>c:\users\e1120894\documents\visual studio 2010\projects\prog2_lab1\prog2_lab1\main.c(72): warning C4996: 'scanf': This function or variable may be unsafe. Consider using scanf_s instead. To disable deprecation, use _CRT_SECURE_NO_WARNINGS. See online help for details.
                 c:\program files (x86)\microsoft visual studio 10.0\vc\include\stdio.h(304) : see declaration of 'scanf'
     1>c:\users\e1120894\documents\visual studio 2010\projects\prog2_lab1\prog2_lab1\main.c(97): warning C4996: 'scanf': This function or variable may be unsafe. Consider using scanf_s instead. To disable deprecation, use _CRT_SECURE_NO_WARNINGS. See online help for details.
                 c:\program files (x86)\microsoft visual studio 10.0\vc\include\stdio.h(304) : see declaration of 'scanf'
     1>c:\users\e1120894\documents\visual studio 2010\projects\prog2_lab1\prog2_lab1\main.c(124): warning C4244: '=' : conversion from 'int' to 'float', possible loss of data
     1>c:\users\e1120894\documents\visual studio 2010\projects\prog2_lab1\prog2_lab1\main.c(126): warning C4244: 'return' : conversion from 'float' to 'int', possible loss of data
     1>c:\users\e1120894\documents\visual studio 2010\projects\prog2_lab1\prog2_lab1\main.c(142): warning C4996: 'scanf': This function or variable may be unsafe. Consider using scanf_s instead. To disable deprecation, use _CRT_SECURE_NO_WARNINGS. See online help for details.
                 c:\program files (x86)\microsoft visual studio 10.0\vc\include\stdio.h(304) : see declaration of 'scanf'
     1>c:\users\e1120894\documents\visual studio 2010\projects\prog2_lab1\prog2_lab1\main.c(175): warning C4244: '=' : conversion from 'int' to 'float', possible loss of data
     1>c:\users\e1120894\documents\visual studio 2010\projects\prog2_lab1\prog2_lab1\main.c(203): warning C4996: 'scanf': This function or variable may be unsafe. Consider using scanf_s instead. To disable deprecation, use _CRT_SECURE_NO_WARNINGS. See online help for details.
                 c:\program files (x86)\microsoft visual studio 10.0\vc\include\stdio.h(304) : see declaration of 'scanf'
       ManifestResourceCompile:
         All outputs are up-to-date.
       Link:
         c:\Program Files (x86)\Microsoft Visual Studio 10.0\VC\bin\link.exe /ERRORREPORT:PROMPT /OUT:"c:\users\e1120894\documents\visual studio 2010\Projects\prog2_lab1\Debug\prog2_lab1.exe" /INCREMENTAL /NOLOGO kernel32.lib user32.lib gdi32.lib winspool.lib comdlg32.lib advapi32.lib shell32.lib ole32.lib oleaut32.lib uuid.lib odbc32.lib odbccp32.lib /MANIFEST /ManifestFile:"Debug\prog2_lab1.exe.intermediate.manifest" /MANIFESTUAC:"level='asInvoker' uiAccess='false'" /DEBUG /PDB:"c:\users\e1120894\documents\visual studio 2010\Projects\prog2_lab1\Debug\prog2_lab1.pdb" /SUBSYSTEM:CONSOLE /TLBID:1 /DYNAMICBASE /NXCOMPAT /IMPLIB:"c:\users\e1120894\documents\visual studio 2010\Projects\prog2_lab1\Debug\prog2_lab1.lib" /MACHINE:X86 Debug\prog2_lab1.exe.embed.manifest.res
         Debug\main.obj
       Manifest:
         C:\Program Files (x86)\Microsoft SDKs\Windows\v7.0A\bin\mt.exe /nologo /verbose /out:"Debug\prog2_lab1.exe.embed.manifest" /manifest Debug\prog2_lab1.exe.intermediate.manifest
         All outputs are up-to-date.
       LinkEmbedManifest:
         All outputs are up-to-date.
         prog2_lab1.vcxproj -> c:\users\e1120894\documents\visual studio 2010\Projects\prog2_lab1\Debug\prog2_lab1.exe
       FinalizeBuildStatus:
         Deleting file "Debug\prog2_lab1.unsuccessfulbuild".
         Touching "Debug\prog2_lab1.lastbuildstate".
     1>Done Building Project "c:\Users\e1120894\documents\visual studio 2010\Projects\prog2_lab1\prog2_lab1\prog2_lab1.vcxproj" (build target(s)).

Build succeeded.

Time Elapsed 00:00:01.21
