Build started 16/10/2013 09:49:28.
     1>Project "D:\Programas - C#\Projetos\inf1007_quicksort\inf1007_quicksort\inf1007_quicksort.vcxproj" on node 2 (build target(s)).
     1>InitializeBuildStatus:
         Creating "Debug\inf1007_quicksort.unsuccessfulbuild" because "AlwaysCreate" was specified.
       ClCompile:
         c:\Program Files (x86)\Microsoft Visual Studio 10.0\VC\bin\CL.exe /c /ZI /nologo /W3 /WX- /Od /Oy- /D WIN32 /D _DEBUG /D _CONSOLE /D _UNICODE /D UNICODE /Gm /EHsc /RTC1 /MDd /GS /fp:precise /Zc:wchar_t /Zc:forScope /Fo"Debug\\" /Fd"Debug\vc100.pdb" /Gd /TC /analyze- /errorReport:prompt main.c
         main.c
     1>d:\programas - c#\projetos\inf1007_quicksort\inf1007_quicksort\main.c(35): warning C4305: 'initializing' : truncation from 'double' to 'float'
     1>d:\programas - c#\projetos\inf1007_quicksort\inf1007_quicksort\main.c(35): warning C4305: 'initializing' : truncation from 'double' to 'float'
     1>d:\programas - c#\projetos\inf1007_quicksort\inf1007_quicksort\main.c(35): warning C4305: 'initializing' : truncation from 'double' to 'float'
     1>d:\programas - c#\projetos\inf1007_quicksort\inf1007_quicksort\main.c(35): warning C4305: 'initializing' : truncation from 'double' to 'float'
     1>d:\programas - c#\projetos\inf1007_quicksort\inf1007_quicksort\main.c(35): warning C4305: 'initializing' : truncation from 'double' to 'float'
     1>d:\programas - c#\projetos\inf1007_quicksort\inf1007_quicksort\main.c(35): warning C4305: 'initializing' : truncation from 'double' to 'float'
     1>d:\programas - c#\projetos\inf1007_quicksort\inf1007_quicksort\main.c(35): warning C4305: 'initializing' : truncation from 'double' to 'float'
     1>d:\programas - c#\projetos\inf1007_quicksort\inf1007_quicksort\main.c(35): warning C4305: 'initializing' : truncation from 'double' to 'float'
     1>d:\programas - c#\projetos\inf1007_quicksort\inf1007_quicksort\main.c(35): warning C4305: 'initializing' : truncation from 'double' to 'float'
     1>d:\programas - c#\projetos\inf1007_quicksort\inf1007_quicksort\main.c(35): warning C4305: 'initializing' : truncation from 'double' to 'float'
       ManifestResourceCompile:
         All outputs are up-to-date.
       Link:
         c:\Program Files (x86)\Microsoft Visual Studio 10.0\VC\bin\link.exe /ERRORREPORT:PROMPT /OUT:"D:\Programas - C#\Projetos\inf1007_quicksort\Debug\inf1007_quicksort.exe" /INCREMENTAL /NOLOGO kernel32.lib user32.lib gdi32.lib winspool.lib comdlg32.lib advapi32.lib shell32.lib ole32.lib oleaut32.lib uuid.lib odbc32.lib odbccp32.lib /MANIFEST /ManifestFile:"Debug\inf1007_quicksort.exe.intermediate.manifest" /MANIFESTUAC:"level='asInvoker' uiAccess='false'" /DEBUG /PDB:"D:\Programas - C#\Projetos\inf1007_quicksort\Debug\inf1007_quicksort.pdb" /SUBSYSTEM:CONSOLE /TLBID:1 /DYNAMICBASE /NXCOMPAT /IMPLIB:"D:\Programas - C#\Projetos\inf1007_quicksort\Debug\inf1007_quicksort.lib" /MACHINE:X86 Debug\inf1007_quicksort.exe.embed.manifest.res
         Debug\main.obj
       Manifest:
         C:\Program Files (x86)\Microsoft SDKs\Windows\v7.0A\bin\mt.exe /nologo /verbose /out:"Debug\inf1007_quicksort.exe.embed.manifest" /manifest Debug\inf1007_quicksort.exe.intermediate.manifest
         All outputs are up-to-date.
       LinkEmbedManifest:
         All outputs are up-to-date.
         inf1007_quicksort.vcxproj -> D:\Programas - C#\Projetos\inf1007_quicksort\Debug\inf1007_quicksort.exe
       FinalizeBuildStatus:
         Deleting file "Debug\inf1007_quicksort.unsuccessfulbuild".
         Touching "Debug\inf1007_quicksort.lastbuildstate".
     1>Done Building Project "D:\Programas - C#\Projetos\inf1007_quicksort\inf1007_quicksort\inf1007_quicksort.vcxproj" (build target(s)).

Build succeeded.

Time Elapsed 00:00:02.46
