Build started 18/09/2013 10:51:36.
     1>Project "D:\Programas - C#\Projetos\inf1007_vetor_ponteiros\inf1007_vetor_ponteiros\inf1007_vetor_ponteiros.vcxproj" on node 2 (build target(s)).
     1>InitializeBuildStatus:
         Creating "Debug\inf1007_vetor_ponteiros.unsuccessfulbuild" because "AlwaysCreate" was specified.
       ClCompile:
         All outputs are up-to-date.
       ManifestResourceCompile:
         All outputs are up-to-date.
       Link:
         c:\Program Files (x86)\Microsoft Visual Studio 10.0\VC\bin\link.exe /ERRORREPORT:PROMPT /OUT:"D:\Programas - C#\Projetos\inf1007_vetor_ponteiros\Debug\inf1007_vetor_ponteiros.exe" /INCREMENTAL /NOLOGO kernel32.lib user32.lib gdi32.lib winspool.lib comdlg32.lib advapi32.lib shell32.lib ole32.lib oleaut32.lib uuid.lib odbc32.lib odbccp32.lib /MANIFEST /ManifestFile:"Debug\inf1007_vetor_ponteiros.exe.intermediate.manifest" /MANIFESTUAC:"level='asInvoker' uiAccess='false'" /DEBUG /PDB:"D:\Programas - C#\Projetos\inf1007_vetor_ponteiros\Debug\inf1007_vetor_ponteiros.pdb" /SUBSYSTEM:CONSOLE /TLBID:1 /DYNAMICBASE /NXCOMPAT /IMPLIB:"D:\Programas - C#\Projetos\inf1007_vetor_ponteiros\Debug\inf1007_vetor_ponteiros.lib" /MACHINE:X86 Debug\inf1007_vetor_ponteiros.exe.embed.manifest.res
         Debug\vetor_ponteiros.obj
       Manifest:
         C:\Program Files (x86)\Microsoft SDKs\Windows\v7.0A\bin\mt.exe /nologo /verbose /out:"Debug\inf1007_vetor_ponteiros.exe.embed.manifest" /manifest Debug\inf1007_vetor_ponteiros.exe.intermediate.manifest
         All outputs are up-to-date.
       LinkEmbedManifest:
         All outputs are up-to-date.
         inf1007_vetor_ponteiros.vcxproj -> D:\Programas - C#\Projetos\inf1007_vetor_ponteiros\Debug\inf1007_vetor_ponteiros.exe
       FinalizeBuildStatus:
         Deleting file "Debug\inf1007_vetor_ponteiros.unsuccessfulbuild".
         Touching "Debug\inf1007_vetor_ponteiros.lastbuildstate".
     1>Done Building Project "D:\Programas - C#\Projetos\inf1007_vetor_ponteiros\inf1007_vetor_ponteiros\inf1007_vetor_ponteiros.vcxproj" (build target(s)).

Build succeeded.

Time Elapsed 00:00:01.75
