Build started 25/09/2013 10:37:00.
     1>Project "C:\Users\e1120894\Desktop\inf1007_modulo\inf1007_modulo\inf1007_modulo.vcxproj" on node 2 (build target(s)).
     1>InitializeBuildStatus:
         Creating "Debug\inf1007_modulo.unsuccessfulbuild" because "AlwaysCreate" was specified.
       ClCompile:
         c:\Program Files (x86)\Microsoft Visual Studio 10.0\VC\bin\CL.exe /c /ZI /nologo /W3 /WX- /Od /Oy- /D WIN32 /D _DEBUG /D _CONSOLE /D _UNICODE /D UNICODE /Gm /EHsc /RTC1 /MDd /GS /fp:precise /Zc:wchar_t /Zc:forScope /Fo"Debug\\" /Fd"Debug\vc100.pdb" /Gd /TC /analyze- /errorReport:prompt main.c
         main.c
     1>c:\users\e1120894\desktop\inf1007_modulo\inf1007_modulo\main.c(9): warning C4996: 'scanf': This function or variable may be unsafe. Consider using scanf_s instead. To disable deprecation, use _CRT_SECURE_NO_WARNINGS. See online help for details.
                 c:\program files (x86)\microsoft visual studio 10.0\vc\include\stdio.h(304) : see declaration of 'scanf'
       ManifestResourceCompile:
         All outputs are up-to-date.
       Link:
         c:\Program Files (x86)\Microsoft Visual Studio 10.0\VC\bin\link.exe /ERRORREPORT:PROMPT /OUT:"C:\Users\e1120894\Desktop\inf1007_modulo\Debug\inf1007_modulo.exe" /INCREMENTAL /NOLOGO kernel32.lib user32.lib gdi32.lib winspool.lib comdlg32.lib advapi32.lib shell32.lib ole32.lib oleaut32.lib uuid.lib odbc32.lib odbccp32.lib /MANIFEST /ManifestFile:"Debug\inf1007_modulo.exe.intermediate.manifest" /MANIFESTUAC:"level='asInvoker' uiAccess='false'" /DEBUG /PDB:"C:\Users\e1120894\Desktop\inf1007_modulo\Debug\inf1007_modulo.pdb" /SUBSYSTEM:CONSOLE /TLBID:1 /DYNAMICBASE /NXCOMPAT /IMPLIB:"C:\Users\e1120894\Desktop\inf1007_modulo\Debug\inf1007_modulo.lib" /MACHINE:X86 Debug\inf1007_modulo.exe.embed.manifest.res
         Debug\main.obj
         Debug\operandoDoisInt.obj
       Manifest:
         C:\Program Files (x86)\Microsoft SDKs\Windows\v7.0A\bin\mt.exe /nologo /verbose /out:"Debug\inf1007_modulo.exe.embed.manifest" /manifest Debug\inf1007_modulo.exe.intermediate.manifest
         All outputs are up-to-date.
       LinkEmbedManifest:
         All outputs are up-to-date.
         inf1007_modulo.vcxproj -> C:\Users\e1120894\Desktop\inf1007_modulo\Debug\inf1007_modulo.exe
       FinalizeBuildStatus:
         Deleting file "Debug\inf1007_modulo.unsuccessfulbuild".
         Touching "Debug\inf1007_modulo.lastbuildstate".
     1>Done Building Project "C:\Users\e1120894\Desktop\inf1007_modulo\inf1007_modulo\inf1007_modulo.vcxproj" (build target(s)).

Build succeeded.

Time Elapsed 00:00:01.18
