Build started 02/10/2013 09:57:55.
     1>Project "U:\Projetos\inf1007_cadeia\inf1007_cadeia\inf1007_cadeia.vcxproj" on node 2 (build target(s)).
     1>InitializeBuildStatus:
         Creating "Debug\inf1007_cadeia.unsuccessfulbuild" because "AlwaysCreate" was specified.
       ClCompile:
         c:\Program Files (x86)\Microsoft Visual Studio 10.0\VC\bin\CL.exe /c /ZI /nologo /W3 /WX- /Od /Oy- /D WIN32 /D _DEBUG /D _CONSOLE /D _UNICODE /D UNICODE /Gm /EHsc /RTC1 /MDd /GS /fp:precise /Zc:wchar_t /Zc:forScope /Fo"Debug\\" /Fd"Debug\vc100.pdb" /Gd /TC /analyze- /errorReport:prompt main.c
         main.c
     1>u:\projetos\inf1007_cadeia\inf1007_cadeia\main.c(16): warning C4996: 'scanf': This function or variable may be unsafe. Consider using scanf_s instead. To disable deprecation, use _CRT_SECURE_NO_WARNINGS. See online help for details.
                 c:\program files (x86)\microsoft visual studio 10.0\vc\include\stdio.h(304) : see declaration of 'scanf'
     1>u:\projetos\inf1007_cadeia\inf1007_cadeia\main.c(22): warning C4996: 'scanf': This function or variable may be unsafe. Consider using scanf_s instead. To disable deprecation, use _CRT_SECURE_NO_WARNINGS. See online help for details.
                 c:\program files (x86)\microsoft visual studio 10.0\vc\include\stdio.h(304) : see declaration of 'scanf'
     1>u:\projetos\inf1007_cadeia\inf1007_cadeia\main.c(43): warning C4996: 'scanf': This function or variable may be unsafe. Consider using scanf_s instead. To disable deprecation, use _CRT_SECURE_NO_WARNINGS. See online help for details.
                 c:\program files (x86)\microsoft visual studio 10.0\vc\include\stdio.h(304) : see declaration of 'scanf'
     1>u:\projetos\inf1007_cadeia\inf1007_cadeia\main.c(74): warning C4101: 'pos' : unreferenced local variable
       ManifestResourceCompile:
         All outputs are up-to-date.
       Link:
         c:\Program Files (x86)\Microsoft Visual Studio 10.0\VC\bin\link.exe /ERRORREPORT:PROMPT /OUT:"U:\Projetos\inf1007_cadeia\Debug\inf1007_cadeia.exe" /INCREMENTAL /NOLOGO kernel32.lib user32.lib gdi32.lib winspool.lib comdlg32.lib advapi32.lib shell32.lib ole32.lib oleaut32.lib uuid.lib odbc32.lib odbccp32.lib /MANIFEST /ManifestFile:"Debug\inf1007_cadeia.exe.intermediate.manifest" /MANIFESTUAC:"level='asInvoker' uiAccess='false'" /DEBUG /PDB:"U:\Projetos\inf1007_cadeia\Debug\inf1007_cadeia.pdb" /SUBSYSTEM:CONSOLE /TLBID:1 /DYNAMICBASE /NXCOMPAT /IMPLIB:"U:\Projetos\inf1007_cadeia\Debug\inf1007_cadeia.lib" /MACHINE:X86 Debug\inf1007_cadeia.exe.embed.manifest.res
         Debug\main.obj
       Manifest:
         C:\Program Files (x86)\Microsoft SDKs\Windows\v7.0A\bin\mt.exe /nologo /verbose /out:"Debug\inf1007_cadeia.exe.embed.manifest" /manifest Debug\inf1007_cadeia.exe.intermediate.manifest
         All outputs are up-to-date.
       LinkEmbedManifest:
         c:\Program Files (x86)\Microsoft Visual Studio 10.0\VC\bin\link.exe /ERRORREPORT:PROMPT /OUT:"U:\Projetos\inf1007_cadeia\Debug\inf1007_cadeia.exe" /INCREMENTAL /NOLOGO kernel32.lib user32.lib gdi32.lib winspool.lib comdlg32.lib advapi32.lib shell32.lib ole32.lib oleaut32.lib uuid.lib odbc32.lib odbccp32.lib /MANIFEST /ManifestFile:"Debug\inf1007_cadeia.exe.intermediate.manifest" /MANIFESTUAC:"level='asInvoker' uiAccess='false'" /DEBUG /PDB:"U:\Projetos\inf1007_cadeia\Debug\inf1007_cadeia.pdb" /SUBSYSTEM:CONSOLE /TLBID:1 /DYNAMICBASE /NXCOMPAT /IMPLIB:"U:\Projetos\inf1007_cadeia\Debug\inf1007_cadeia.lib" /MACHINE:X86 Debug\inf1007_cadeia.exe.embed.manifest.res
         Debug\main.obj
         inf1007_cadeia.vcxproj -> U:\Projetos\inf1007_cadeia\Debug\inf1007_cadeia.exe
       FinalizeBuildStatus:
         Deleting file "Debug\inf1007_cadeia.unsuccessfulbuild".
         Touching "Debug\inf1007_cadeia.lastbuildstate".
     1>Done Building Project "U:\Projetos\inf1007_cadeia\inf1007_cadeia\inf1007_cadeia.vcxproj" (build target(s)).

Build succeeded.

Time Elapsed 00:00:02.32
